FILE_TYPE=LIBRARY_PARTS;
PRIMITIVE 'TPL0401A_10QDCKRQ1','TPL0401A_10QDCKRQ1_SOT23 (6-Pin)';
  PIN
    'VDD':
      PIN_NUMBER='(1)';
      NO_LOAD_CHECK=BOTH;
      NO_IO_CHECK=BOTH;
      ALLOW_CONNECT=TRUE;
      PINUSE='UNSPEC';
    'GND':
      PIN_NUMBER='(2)';
      NO_LOAD_CHECK=BOTH;
      NO_IO_CHECK=BOTH;
      ALLOW_CONNECT=TRUE;
      PINUSE='UNSPEC';
    'SCL':
      PIN_NUMBER='(3)';
      NO_LOAD_CHECK=BOTH;
      NO_IO_CHECK=BOTH;
      ALLOW_CONNECT=TRUE;
      PINUSE='UNSPEC';
    'H':
      PIN_NUMBER='(6)';
      NO_LOAD_CHECK=BOTH;
      NO_IO_CHECK=BOTH;
      ALLOW_CONNECT=TRUE;
      PINUSE='UNSPEC';
    'W':
      PIN_NUMBER='(5)';
      NO_LOAD_CHECK=BOTH;
      NO_IO_CHECK=BOTH;
      ALLOW_CONNECT=TRUE;
      PINUSE='UNSPEC';
    'SDA':
      PIN_NUMBER='(4)';
      NO_LOAD_CHECK=BOTH;
      NO_IO_CHECK=BOTH;
      ALLOW_CONNECT=TRUE;
      PINUSE='UNSPEC';
  END_PIN;
  BODY
    PART_NAME='TPL0401A_10QDCKRQ1';
    PHYS_DES_PREFIX='IC';
    NO_LOAD_CHECK='TRUE';
    PIN_COUNT='6';
    BODY_NAME='TPL0401A_10QDCKRQ1';
    JEDEC_TYPE='SOT65P210X110-6N';
  END_BODY;
END_PRIMITIVE;
END.
